<?xml version="1.0" encoding="UTF-8"?>
<testng-results ignored="0" total="1" passed="1" failed="0" skipped="0">
  <reporter-output>
  </reporter-output>
  <suite started-at="2024-08-03T12:50:52 IST" name="Default suite" finished-at="2024-08-03T12:51:44 IST" duration-ms="51774">
    <groups>
    </groups>
    <test started-at="2024-08-03T12:50:52 IST" name="Default test" finished-at="2024-08-03T12:51:44 IST" duration-ms="51774">
      <class name="testNGConcept.deleteLead">
        <test-method signature="deleteLeadRun()[pri:0, instance:testNGConcept.deleteLead@66d3eec0]" started-at="2024-08-03T12:50:53 IST" name="deleteLeadRun" finished-at="2024-08-03T12:51:44 IST" duration-ms="51736" status="PASS">
          <reporter-output>
          </reporter-output>
        </test-method> <!-- deleteLeadRun -->
      </class> <!-- testNGConcept.deleteLead -->
    </test> <!-- Default test -->
  </suite> <!-- Default suite -->
</testng-results>
